# JRE version: OpenJDK Runtime Environment (8.0_212-b04) (build 1.8.0_212-release-1586-b04)
# Java VM: OpenJDK 64-Bit Server VM (25.212-b04 mixed mode windows-amd64 compressed oops)
Heap:
 PSYoungGen      total 259584K, used 87241K [0x00000000e0000000, 0x00000000f2880000, 0x0000000100000000)
  eden space 215040K, 40% used [0x00000000e0000000,0x00000000e5532748,0x00000000ed200000)
  from space 44544K, 0% used [0x00000000efd00000,0x00000000efd00000,0x00000000f2880000)
  to   space 44032K, 0% used [0x00000000ed200000,0x00000000ed200000,0x00000000efd00000)
 ParOldGen       total 213504K, used 92745K [0x00000000a0000000, 0x00000000ad080000, 0x00000000e0000000)
  object space 213504K, 43% used [0x00000000a0000000,0x00000000a5a925c0,0x00000000ad080000)
 Metaspace       used 87105K, capacity 91516K, committed 92544K, reserved 1130496K
  class space    used 11278K, capacity 12233K, committed 12416K, reserved 1048576K
GC Heap History (10 events):
Event: 26.732 GC heap before
{Heap before GC invocations=20 (full 3):
 PSYoungGen      total 196608K, used 196582K [0x00000000e0000000, 0x00000000edc80000, 0x0000000100000000)
  eden space 180224K, 100% used [0x00000000e0000000,0x00000000eb000000,0x00000000eb000000)
  from space 16384K, 99% used [0x00000000ec580000,0x00000000ed579b60,0x00000000ed580000)
  to   space 22016K, 0% used [0x00000000eb000000,0x00000000eb000000,0x00000000ec580000)
 ParOldGen       total 113152K, used 45121K [0x00000000a0000000, 0x00000000a6e80000, 0x00000000e0000000)
  object space 113152K, 39% used [0x00000000a0000000,0x00000000a2c10558,0x00000000a6e80000)
 Metaspace       used 75287K, capacity 79254K, committed 79360K, reserved 1118208K
  class space    used 10117K, capacity 10949K, committed 11008K, reserved 1048576K
Event: 26.763 GC heap after
Heap after GC invocations=20 (full 3):
 PSYoungGen      total 202240K, used 21704K [0x00000000e0000000, 0x00000000ef880000, 0x0000000100000000)
  eden space 180224K, 0% used [0x00000000e0000000,0x00000000e0000000,0x00000000eb000000)
  from space 22016K, 98% used [0x00000000eb000000,0x00000000ec5323f0,0x00000000ec580000)
  to   space 25088K, 0% used [0x00000000ee000000,0x00000000ee000000,0x00000000ef880000)
 ParOldGen       total 113152K, used 53109K [0x00000000a0000000, 0x00000000a6e80000, 0x00000000e0000000)
  object space 113152K, 46% used [0x00000000a0000000,0x00000000a33dd5d8,0x00000000a6e80000)
 Metaspace       used 75287K, capacity 79254K, committed 79360K, reserved 1118208K
  class space    used 10117K, capacity 10949K, committed 11008K, reserved 1048576K
}
Event: 167.199 GC heap before
{Heap before GC invocations=21 (full 3):
 PSYoungGen      total 202240K, used 201928K [0x00000000e0000000, 0x00000000ef880000, 0x0000000100000000)
  eden space 180224K, 100% used [0x00000000e0000000,0x00000000eb000000,0x00000000eb000000)
  from space 22016K, 98% used [0x00000000eb000000,0x00000000ec5323f0,0x00000000ec580000)
  to   space 25088K, 0% used [0x00000000ee000000,0x00000000ee000000,0x00000000ef880000)
 ParOldGen       total 113152K, used 53109K [0x00000000a0000000, 0x00000000a6e80000, 0x00000000e0000000)
  object space 113152K, 46% used [0x00000000a0000000,0x00000000a33dd5d8,0x00000000a6e80000)
 Metaspace       used 79156K, capacity 83642K, committed 83840K, reserved 1122304K
  class space    used 10398K, capacity 11322K, committed 11392K, reserved 1048576K
Event: 167.224 GC heap after
Heap after GC invocations=21 (full 3):
 PSYoungGen      total 221184K, used 25066K [0x00000000e0000000, 0x00000000f0400000, 0x0000000100000000)
  eden space 196096K, 0% used [0x00000000e0000000,0x00000000e0000000,0x00000000ebf80000)
  from space 25088K, 99% used [0x00000000ee000000,0x00000000ef87a8b0,0x00000000ef880000)
  to   space 33280K, 0% used [0x00000000ebf80000,0x00000000ebf80000,0x00000000ee000000)
 ParOldGen       total 113152K, used 65146K [0x00000000a0000000, 0x00000000a6e80000, 0x00000000e0000000)
  object space 113152K, 57% used [0x00000000a0000000,0x00000000a3f9ebb8,0x00000000a6e80000)
 Metaspace       used 79156K, capacity 83642K, committed 83840K, reserved 1122304K
  class space    used 10398K, capacity 11322K, committed 11392K, reserved 1048576K
}
Event: 192.015 GC heap before
{Heap before GC invocations=22 (full 3):
 PSYoungGen      total 221184K, used 221162K [0x00000000e0000000, 0x00000000f0400000, 0x0000000100000000)
  eden space 196096K, 100% used [0x00000000e0000000,0x00000000ebf80000,0x00000000ebf80000)
  from space 25088K, 99% used [0x00000000ee000000,0x00000000ef87a8b0,0x00000000ef880000)
  to   space 33280K, 0% used [0x00000000ebf80000,0x00000000ebf80000,0x00000000ee000000)
 ParOldGen       total 113152K, used 65146K [0x00000000a0000000, 0x00000000a6e80000, 0x00000000e0000000)
  object space 113152K, 57% used [0x00000000a0000000,0x00000000a3f9ebb8,0x00000000a6e80000)
 Metaspace       used 85999K, capacity 90904K, committed 91008K, reserved 1128448K
  class space    used 11287K, capacity 12313K, committed 12416K, reserved 1048576K
Event: 192.050 GC heap after
Heap after GC invocations=22 (full 3):
 PSYoungGen      total 229376K, used 33276K [0x00000000e0000000, 0x00000000f2900000, 0x0000000100000000)
  eden space 196096K, 0% used [0x00000000e0000000,0x00000000e0000000,0x00000000ebf80000)
  from space 33280K, 99% used [0x00000000ebf80000,0x00000000edfff148,0x00000000ee000000)
  to   space 45056K, 0% used [0x00000000efd00000,0x00000000efd00000,0x00000000f2900000)
 ParOldGen       total 113152K, used 82225K [0x00000000a0000000, 0x00000000a6e80000, 0x00000000e0000000)
  object space 113152K, 72% used [0x00000000a0000000,0x00000000a504c4f0,0x00000000a6e80000)
 Metaspace       used 85999K, capacity 90904K, committed 91008K, reserved 1128448K
  class space    used 11287K, capacity 12313K, committed 12416K, reserved 1048576K
}
Event: 195.493 GC heap before
{Heap before GC invocations=23 (full 3):
 PSYoungGen      total 229376K, used 229146K [0x00000000e0000000, 0x00000000f2900000, 0x0000000100000000)
  eden space 196096K, 99% used [0x00000000e0000000,0x00000000ebf47860,0x00000000ebf80000)
  from space 33280K, 99% used [0x00000000ebf80000,0x00000000edfff148,0x00000000ee000000)
  to   space 45056K, 0% used [0x00000000efd00000,0x00000000efd00000,0x00000000f2900000)
 ParOldGen       total 113152K, used 82225K [0x00000000a0000000, 0x00000000a6e80000, 0x00000000e0000000)
  object space 113152K, 72% used [0x00000000a0000000,0x00000000a504c4f0,0x00000000a6e80000)
 Metaspace       used 86915K, capacity 91882K, committed 92032K, reserved 1128448K
  class space    used 11326K, capacity 12380K, committed 12416K, reserved 1048576K
Event: 195.521 GC heap after
Heap after GC invocations=23 (full 3):
 PSYoungGen      total 259584K, used 21905K [0x00000000e0000000, 0x00000000f2880000, 0x0000000100000000)
  eden space 215040K, 0% used [0x00000000e0000000,0x00000000e0000000,0x00000000ed200000)
  from space 44544K, 49% used [0x00000000efd00000,0x00000000f1264500,0x00000000f2880000)
  to   space 44032K, 0% used [0x00000000ed200000,0x00000000ed200000,0x00000000efd00000)
 ParOldGen       total 113152K, used 106681K [0x00000000a0000000, 0x00000000a6e80000, 0x00000000e0000000)
  object space 113152K, 94% used [0x00000000a0000000,0x00000000a682e5a8,0x00000000a6e80000)
 Metaspace       used 86915K, capacity 91882K, committed 92032K, reserved 1128448K
  class space    used 11326K, capacity 12380K, committed 12416K, reserved 1048576K
}
Event: 195.521 GC heap before
{Heap before GC invocations=24 (full 4):
 PSYoungGen      total 259584K, used 21905K [0x00000000e0000000, 0x00000000f2880000, 0x0000000100000000)
  eden space 215040K, 0% used [0x00000000e0000000,0x00000000e0000000,0x00000000ed200000)
  from space 44544K, 49% used [0x00000000efd00000,0x00000000f1264500,0x00000000f2880000)
  to   space 44032K, 0% used [0x00000000ed200000,0x00000000ed200000,0x00000000efd00000)
 ParOldGen       total 113152K, used 106681K [0x00000000a0000000, 0x00000000a6e80000, 0x00000000e0000000)
  object space 113152K, 94% used [0x00000000a0000000,0x00000000a682e5a8,0x00000000a6e80000)
 Metaspace       used 86915K, capacity 91882K, committed 92032K, reserved 1128448K
  class space    used 11326K, capacity 12380K, committed 12416K, reserved 1048576K
Event: 195.653 GC heap after
Heap after GC invocations=24 (full 4):
 PSYoungGen      total 259584K, used 0K [0x00000000e0000000, 0x00000000f2880000, 0x0000000100000000)
  eden space 215040K, 0% used [0x00000000e0000000,0x00000000e0000000,0x00000000ed200000)
  from space 44544K, 0% used [0x00000000efd00000,0x00000000efd00000,0x00000000f2880000)
  to   space 44032K, 0% used [0x00000000ed200000,0x00000000ed200000,0x00000000efd00000)
 ParOldGen       total 213504K, used 92745K [0x00000000a0000000, 0x00000000ad080000, 0x00000000e0000000)
  object space 213504K, 43% used [0x00000000a0000000,0x00000000a5a925c0,0x00000000ad080000)
 Metaspace       used 86540K, capacity 90876K, committed 92032K, reserved 1128448K
  class space    used 11212K, capacity 12173K, committed 12416K, reserved 1048576K
}

